<?xml version="1.0" encoding="UTF-8"?>
<testng-results ignored="2" total="3" passed="1" failed="0" skipped="0">
  <reporter-output>
    <line>
      <![CDATA[openBrowser]]>
    </line>
    <line>
      <![CDATA[login]]>
    </line>
    <line>
      <![CDATA[UserPage]]>
    </line>
    <line>
      <![CDATA[logout]]>
    </line>
    <line>
      <![CDATA[close browser]]>
    </line>
  </reporter-output>
  <suite started-at="2024-08-13T16:32:28 IST" name="Default suite" finished-at="2024-08-13T16:33:02 IST" duration-ms="33407">
    <groups>
    </groups>
    <test started-at="2024-08-13T16:32:28 IST" name="Default test" finished-at="2024-08-13T16:33:02 IST" duration-ms="33407">
      <class name="com.vaia.testscript.TestScript">
        <test-method is-config="true" signature="openBrowser()[pri:0, instance:com.vaia.testscript.TestScript@2ea41516]" started-at="2024-08-13T16:32:28 IST" name="openBrowser" finished-at="2024-08-13T16:32:30 IST" duration-ms="1193" status="PASS">
          <reporter-output>
            <line>
              <![CDATA[openBrowser]]>
            </line>
          </reporter-output>
        </test-method> <!-- openBrowser -->
        <test-method is-config="true" signature="login()[pri:0, instance:com.vaia.testscript.TestScript@2ea41516]" started-at="2024-08-13T16:32:30 IST" name="login" finished-at="2024-08-13T16:32:38 IST" duration-ms="8826" status="PASS">
          <reporter-output>
            <line>
              <![CDATA[login]]>
            </line>
          </reporter-output>
        </test-method> <!-- login -->
        <test-method signature="testUserPage()[pri:0, instance:com.vaia.testscript.TestScript@2ea41516]" started-at="2024-08-13T16:32:38 IST" name="testUserPage" finished-at="2024-08-13T16:33:01 IST" duration-ms="22609" status="PASS">
          <reporter-output>
            <line>
              <![CDATA[UserPage]]>
            </line>
          </reporter-output>
        </test-method> <!-- testUserPage -->
        <test-method is-config="true" signature="logout()[pri:0, instance:com.vaia.testscript.TestScript@2ea41516]" started-at="2024-08-13T16:33:01 IST" name="logout" finished-at="2024-08-13T16:33:02 IST" duration-ms="652" status="PASS">
          <reporter-output>
            <line>
              <![CDATA[logout]]>
            </line>
          </reporter-output>
        </test-method> <!-- logout -->
        <test-method is-config="true" signature="closeBrowser()[pri:0, instance:com.vaia.testscript.TestScript@2ea41516]" started-at="2024-08-13T16:33:02 IST" name="closeBrowser" finished-at="2024-08-13T16:33:02 IST" duration-ms="112" status="PASS">
          <reporter-output>
            <line>
              <![CDATA[close browser]]>
            </line>
          </reporter-output>
        </test-method> <!-- closeBrowser -->
      </class> <!-- com.vaia.testscript.TestScript -->
    </test> <!-- Default test -->
  </suite> <!-- Default suite -->
</testng-results>
