<?xml version="1.0" encoding="UTF-8"?>
<!-- Generated by org.testng.reporters.JUnitXMLReporter -->
<testsuite ignored="2" failures="0" tests="1" name="Default test" time="24.868" errors="0" timestamp="2024-08-23T13:43:33 IST">
  <testcase classname="com.vaia.testscript.TestScript" name="testAlarmManagementPage" time="15.305"/>
  <testcase classname="com.vaia.testscript.TestScript" name="testUserPage" time="0.0">
    <ignored/>
  </testcase> <!-- testUserPage -->
  <testcase classname="com.vaia.testscript.TestScript" name="testCustomerPage" time="0.0">
    <ignored/>
  </testcase> <!-- testCustomerPage -->
</testsuite> <!-- Default test -->
