<?xml version="1.0" encoding="UTF-8"?>
<!-- Generated by org.testng.reporters.JUnitXMLReporter -->
<testsuite ignored="2" failures="0" tests="0" name="Default test" time="20.932" errors="0" timestamp="2024-08-13T17:22:55 IST">
  <testcase classname="com.vaia.testscript.TestScript" name="testCustomerPage" time="0.0">
    <ignored/>
  </testcase> <!-- testCustomerPage -->
  <testcase classname="com.vaia.testscript.TestScript" name="testAlarmManagementPage" time="0.0">
    <ignored/>
  </testcase> <!-- testAlarmManagementPage -->
</testsuite> <!-- Default test -->
